<?xml version="1.0" encoding="UTF-8"?>
<!-- Generated by org.testng.reporters.JUnitXMLReporter -->
<testsuite hostname="DESKTOP-CIA7Q19" ignored="0" name="Test" tests="1" failures="1" timestamp="13 Oct 2022 08:32:33 GMT" time="0.062" errors="0">
  <testcase name="method" time="0.022" classname="com.crm.SAMPLE.Samaplooo">
    <failure type="java.lang.NullPointerException">
      <![CDATA[java.lang.NullPointerException
	at com.crm.SAMPLE.Samaplooo.method(Samaplooo.java:20)
... Removed 25 stack frames]]>
    </failure>
  </testcase> <!-- method -->
</testsuite> <!-- Test -->
